<?xml version="1.0" encoding="UTF-8"?>
<!-- Generated by org.testng.reporters.JUnitXMLReporter -->
<testsuite ignored="0" hostname="DESKTOP-VUPSQ68" failures="0" tests="6" name="CarLoan" time="21.945" errors="0" timestamp="26 Feb 2021 14:09:58 GMT">
  <testcase classname="requirement1.CarLoanCalculator" name="getPrerequisite" time="0.02"/>
  <testcase classname="requirement1.CarLoanCalculator" name="createWebDriver" time="7.707"/>
  <testcase classname="requirement1.CarLoanCalculator" name="navigateUrl" time="10.224"/>
  <testcase classname="requirement1.CarLoanCalculator" name="enterData" time="2.75"/>
  <testcase classname="requirement1.CarLoanCalculator" name="retriveOutput" time="0.236"/>
  <testcase classname="requirement1.CarLoanCalculator" name="closeDriver" time="0.964"/>
</testsuite> <!-- CarLoan -->
