<?xml version="1.0" encoding="UTF-8"?>
<!-- Generated by org.testng.reporters.JUnitXMLReporter -->
<testsuite ignored="0" hostname="DESKTOP-VUPSQ68" failures="0" tests="8" name="Default test" time="35.963" errors="0" timestamp="21 Feb 2021 20:33:00 GMT">
  <testcase classname="requirement2.webpageDriver" name="getPrerequisite" time="0.015"/>
  <testcase classname="requirement2.webpageDriver" name="createWebDriver" time="4.265"/>
  <testcase classname="requirement2.webpageDriver" name="navigateUrl" time="7.799"/>
  <testcase classname="requirement2.webpageDriver" name="navigateToHomeLoanPage" time="3.74"/>
  <testcase classname="requirement2.webpageDriver" name="readExcelSheet" time="3.825"/>
  <testcase classname="requirement2.webpageDriver" name="insertValueToWebsite" time="8.109"/>
  <testcase classname="requirement2.webpageDriver" name="writeExcel" time="7.896"/>
  <testcase classname="requirement2.webpageDriver" name="closeDriver" time="0.242"/>
</testsuite> <!-- Default test -->
