<?xml version="1.0" encoding="UTF-8"?>
<!-- Generated by org.testng.reporters.JUnitXMLReporter -->
<testsuite ignored="0" hostname="DESKTOP-VUPSQ68" failures="0" tests="6" name="CarLoan" time="22.764" errors="0" timestamp="24 Feb 2021 19:33:15 GMT">
  <testcase classname="requirement1.CarLoanCalculator" name="getPrerequisite" time="0.023"/>
  <testcase classname="requirement1.CarLoanCalculator" name="createWebDriver" time="6.666"/>
  <testcase classname="requirement1.CarLoanCalculator" name="navigateUrl" time="12.776"/>
  <testcase classname="requirement1.CarLoanCalculator" name="enterData" time="1.931"/>
  <testcase classname="requirement1.CarLoanCalculator" name="retriveOutput" time="0.233"/>
  <testcase classname="requirement1.CarLoanCalculator" name="closeDriver" time="1.052"/>
</testsuite> <!-- CarLoan -->
