<?xml version="1.0" encoding="UTF-8"?>
<!-- Generated by org.testng.reporters.JUnitXMLReporter -->
<testsuite ignored="0" hostname="DESKTOP-VUPSQ68" failures="0" tests="8" name="HomeLoanEmi" time="34.428" errors="0" timestamp="24 Feb 2021 19:33:50 GMT">
  <testcase classname="requirement2.webpageDriver" name="getPrerequisite" time="0.003"/>
  <testcase classname="requirement2.webpageDriver" name="createWebDriver" time="4.188"/>
  <testcase classname="requirement2.webpageDriver" name="navigateUrl" time="7.705"/>
  <testcase classname="requirement2.webpageDriver" name="navigateToHomeLoanPage" time="3.907"/>
  <testcase classname="requirement2.webpageDriver" name="readExcelSheet" time="1.755"/>
  <testcase classname="requirement2.webpageDriver" name="insertValueToWebsite" time="7.971"/>
  <testcase classname="requirement2.webpageDriver" name="writeExcel" time="8.548"/>
  <testcase classname="requirement2.webpageDriver" name="closeDriver" time="0.316"/>
</testsuite> <!-- HomeLoanEmi -->
