<?xml version="1.0" encoding="UTF-8"?>
<!-- Generated by org.testng.reporters.JUnitXMLReporter -->
<testsuite hostname="DESKTOP-VUPSQ68" failures="0" tests="14" name="Test" time="92.552" errors="0" timestamp="21 Feb 2021 12:23:13 GMT">
  <testcase classname="requirement1.CarLoanCalculator" name="getPrerequisite" time="0.02"/>
  <testcase classname="requirement2.webpageDriver" name="getPrerequisite" time="0.003"/>
  <testcase classname="requirement1.CarLoanCalculator" name="createWebDriver" time="10.104"/>
  <testcase classname="requirement2.webpageDriver" name="createWebDriver" time="5.763"/>
  <testcase classname="requirement1.CarLoanCalculator" name="navigateUrl" time="17.689"/>
  <testcase classname="requirement2.webpageDriver" name="navigateUrl" time="16.439"/>
  <testcase classname="requirement1.CarLoanCalculator" name="enterData" time="3.645"/>
  <testcase classname="requirement2.webpageDriver" name="navigateToHomeLoanPage" time="6.945"/>
  <testcase classname="requirement1.CarLoanCalculator" name="retriveOutput" time="0.118"/>
  <testcase classname="requirement2.webpageDriver" name="readExcelSheet" time="8.971"/>
  <testcase classname="requirement1.CarLoanCalculator" name="closeDriver" time="2.759"/>
  <testcase classname="requirement2.webpageDriver" name="insertValueToWebsite" time="9.009"/>
  <testcase classname="requirement2.webpageDriver" name="writeExcel" time="9.096"/>
  <testcase classname="requirement2.webpageDriver" name="closeDriver" time="1.934"/>
</testsuite> <!-- Test -->
