<?xml version="1.0" encoding="UTF-8"?>
<testsuite xmlns:xsi="http://www.w3.org/2001/XMLSchema-instance" xsi:noNamespaceSchemaLocation="https://maven.apache.org/surefire/maven-surefire-plugin/xsd/surefire-test-report-3.0.xsd" version="3.0" name="TestSuite" time="158.93" tests="25" errors="0" skipped="0" failures="0">
  <properties>
[...]
</properties>
  <testcase name="getPrerequisite" classname="requirement1.CarLoanCalculator" time="0.019">
    <system-out><![CDATA[[TestNGContentHandler] [WARN] It is strongly recommended to add "<!DOCTYPE suite SYSTEM "http://testng.org/testng-1.0.dtd" >" at the top of your file, otherwise TestNG may fail or not work as expected.
]]></system-out>
  </testcase>
  <testcase name="createWebDriver" classname="requirement1.CarLoanCalculator" time="7.831">
    <system-err><![CDATA[Starting ChromeDriver 87.0.4280.88 (89e2380a3e36c3464b5dd1302349b1382549290d-refs/branch-heads/4280@{#1761}) on port 7772
Only local connections are allowed.
Please see https://chromedriver.chromium.org/security-considerations for suggestions on keeping ChromeDriver safe.
ChromeDriver was started successfully.
[1614348582.605][WARNING]: This version of ChromeDriver has not been tested with Chrome version 88.
Feb 26, 2021 7:39:44 PM org.openqa.selenium.remote.ProtocolHandshake createSession
INFO: Detected dialect: W3C
]]></system-err>
  </testcase>
  <testcase name="navigateUrl" classname="requirement1.CarLoanCalculator" time="10.107"/>
  <testcase name="enterData" classname="requirement1.CarLoanCalculator" time="2.746"/>
  <testcase name="retriveOutput" classname="requirement1.CarLoanCalculator" time="0.26">
    <system-out><![CDATA[------Requirement 1------
Interest amount is : 78,303
Monthly EMI amount : 1,31,525




]]></system-out>
  </testcase>
  <testcase name="closeDriver" classname="requirement1.CarLoanCalculator" time="0.941"/>
  <testcase name="getPrerequisite" classname="requirement2.webpageDriver" time="0.001"/>
  <testcase name="createWebDriver" classname="requirement2.webpageDriver" time="6.189">
    <system-err><![CDATA[Starting ChromeDriver 87.0.4280.88 (89e2380a3e36c3464b5dd1302349b1382549290d-refs/branch-heads/4280@{#1761}) on port 29414
Only local connections are allowed.
Please see https://chromedriver.chromium.org/security-considerations for suggestions on keeping ChromeDriver safe.
ChromeDriver was started successfully.
[1614348603.149][WARNING]: This version of ChromeDriver has not been tested with Chrome version 88.
Feb 26, 2021 7:40:05 PM org.openqa.selenium.remote.ProtocolHandshake createSession
INFO: Detected dialect: W3C
]]></system-err>
  </testcase>
  <testcase name="navigateUrl" classname="requirement2.webpageDriver" time="7.216"/>
  <testcase name="navigateToHomeLoanPage" classname="requirement2.webpageDriver" time="25.469"/>
  <testcase name="readExcelSheet" classname="requirement2.webpageDriver" time="2.344"/>
  <testcase name="insertValueToWebsite" classname="requirement2.webpageDriver" time="6.994"/>
  <testcase name="writeExcel" classname="requirement2.webpageDriver" time="7.957"/>
  <testcase name="closeDriver" classname="requirement2.webpageDriver" time="0.467">
    <system-out><![CDATA[----Requirement 2-----
Executed
Check Excel sheet for Output




]]></system-out>
  </testcase>
  <testcase name="loadDriver" classname="requirement3.EMICalculator" time="12.572">
    <system-err><![CDATA[Starting ChromeDriver 87.0.4280.88 (89e2380a3e36c3464b5dd1302349b1382549290d-refs/branch-heads/4280@{#1761}) on port 12013
Only local connections are allowed.
Please see https://chromedriver.chromium.org/security-considerations for suggestions on keeping ChromeDriver safe.
ChromeDriver was started successfully.
[1614348664.001][WARNING]: This version of ChromeDriver has not been tested with Chrome version 88.
Feb 26, 2021 7:41:06 PM org.openqa.selenium.remote.ProtocolHandshake createSession
INFO: Detected dialect: W3C
]]></system-err>
  </testcase>
  <testcase name="getURL" classname="requirement3.EMICalculator" time="7.827"/>
  <testcase name="LoanCalculator" classname="requirement3.EMICalculator" time="38.573"/>
  <testcase name="ChangeOfScale" classname="requirement3.EMICalculator" time="0.179"/>
  <testcase name="takeScreenshot" classname="requirement3.EMICalculator" time="0.718">
    <system-out><![CDATA[-----Requirement 3-----
Screenshot is captured and stored
]]></system-out>
  </testcase>
  <testcase name="LoanAmountCalculator" classname="requirement3.EMICalculator" time="6.083"/>
  <testcase name="ChangeOfScale2" classname="requirement3.EMICalculator" time="0.783"/>
  <testcase name="takeScreenshot1" classname="requirement3.EMICalculator" time="0.475">
    <system-out><![CDATA[Screenshot is captured and stored
]]></system-out>
  </testcase>
  <testcase name="LoanTenureCalculator" classname="requirement3.EMICalculator" time="6.094"/>
  <testcase name="takeScreenshot3" classname="requirement3.EMICalculator" time="0.704">
    <system-out><![CDATA[Screenshot is captured and stored
]]></system-out>
  </testcase>
  <testcase name="quitDriver" classname="requirement3.EMICalculator" time="0.36">
    <system-out><![CDATA[Execution completed

Check screenshots in folder to varify results



]]></system-out>
  </testcase>
</testsuite>