<?xml version="1.0" encoding="UTF-8"?>
<testng-results ignored="0" total="25" passed="25" failed="0" skipped="0">
  <reporter-output>
  </reporter-output>
  <suite started-at="2021-02-26T14:09:37Z" name="Suite" finished-at="2021-02-26T14:12:10Z" duration-ms="153082">
    <groups>
    </groups>
    <test started-at="2021-02-26T14:09:37Z" name="CarLoan" finished-at="2021-02-26T14:09:58Z" duration-ms="21945">
      <class name="requirement1.CarLoanCalculator">
        <test-method signature="getPrerequisite()[pri:1, instance:requirement1.CarLoanCalculator@4efac082]" started-at="2021-02-26T14:09:37Z" name="getPrerequisite" finished-at="2021-02-26T14:09:37Z" duration-ms="20" status="PASS">
          <reporter-output>
          </reporter-output>
        </test-method> <!-- getPrerequisite -->
        <test-method signature="createWebDriver()[pri:2, instance:requirement1.CarLoanCalculator@4efac082]" started-at="2021-02-26T14:09:37Z" name="createWebDriver" finished-at="2021-02-26T14:09:44Z" duration-ms="7707" status="PASS">
          <reporter-output>
          </reporter-output>
        </test-method> <!-- createWebDriver -->
        <test-method signature="navigateUrl()[pri:3, instance:requirement1.CarLoanCalculator@4efac082]" started-at="2021-02-26T14:09:44Z" name="navigateUrl" finished-at="2021-02-26T14:09:55Z" duration-ms="10224" status="PASS">
          <reporter-output>
          </reporter-output>
        </test-method> <!-- navigateUrl -->
        <test-method signature="enterData()[pri:4, instance:requirement1.CarLoanCalculator@4efac082]" started-at="2021-02-26T14:09:55Z" name="enterData" finished-at="2021-02-26T14:09:57Z" duration-ms="2750" status="PASS">
          <reporter-output>
          </reporter-output>
        </test-method> <!-- enterData -->
        <test-method signature="retriveOutput()[pri:5, instance:requirement1.CarLoanCalculator@4efac082]" started-at="2021-02-26T14:09:57Z" name="retriveOutput" finished-at="2021-02-26T14:09:58Z" duration-ms="236" status="PASS">
          <reporter-output>
          </reporter-output>
        </test-method> <!-- retriveOutput -->
        <test-method signature="closeDriver()[pri:6, instance:requirement1.CarLoanCalculator@4efac082]" started-at="2021-02-26T14:09:58Z" name="closeDriver" finished-at="2021-02-26T14:09:58Z" duration-ms="964" status="PASS">
          <reporter-output>
          </reporter-output>
        </test-method> <!-- closeDriver -->
      </class> <!-- requirement1.CarLoanCalculator -->
    </test> <!-- CarLoan -->
    <test started-at="2021-02-26T14:09:59Z" name="HomeLoanEmi" finished-at="2021-02-26T14:10:55Z" duration-ms="56639">
      <class name="requirement2.webpageDriver">
        <test-method signature="getPrerequisite()[pri:1, instance:requirement2.webpageDriver@791f145a]" started-at="2021-02-26T14:09:59Z" name="getPrerequisite" finished-at="2021-02-26T14:09:59Z" duration-ms="1" status="PASS">
          <reporter-output>
          </reporter-output>
        </test-method> <!-- getPrerequisite -->
        <test-method signature="createWebDriver()[pri:2, instance:requirement2.webpageDriver@791f145a]" started-at="2021-02-26T14:09:59Z" name="createWebDriver" finished-at="2021-02-26T14:10:05Z" duration-ms="6147" status="PASS">
          <reporter-output>
          </reporter-output>
        </test-method> <!-- createWebDriver -->
        <test-method signature="navigateUrl()[pri:3, instance:requirement2.webpageDriver@791f145a]" started-at="2021-02-26T14:10:05Z" name="navigateUrl" finished-at="2021-02-26T14:10:12Z" duration-ms="7256" status="PASS">
          <reporter-output>
          </reporter-output>
        </test-method> <!-- navigateUrl -->
        <test-method signature="navigateToHomeLoanPage()[pri:4, instance:requirement2.webpageDriver@791f145a]" started-at="2021-02-26T14:10:12Z" name="navigateToHomeLoanPage" finished-at="2021-02-26T14:10:37Z" duration-ms="25468" status="PASS">
          <reporter-output>
          </reporter-output>
        </test-method> <!-- navigateToHomeLoanPage -->
        <test-method signature="readExcelSheet()[pri:5, instance:requirement2.webpageDriver@791f145a]" started-at="2021-02-26T14:10:37Z" name="readExcelSheet" finished-at="2021-02-26T14:10:40Z" duration-ms="2343" status="PASS">
          <reporter-output>
          </reporter-output>
        </test-method> <!-- readExcelSheet -->
        <test-method signature="insertValueToWebsite()[pri:6, instance:requirement2.webpageDriver@791f145a]" started-at="2021-02-26T14:10:40Z" name="insertValueToWebsite" finished-at="2021-02-26T14:10:47Z" duration-ms="6994" status="PASS">
          <reporter-output>
          </reporter-output>
        </test-method> <!-- insertValueToWebsite -->
        <test-method signature="writeExcel()[pri:7, instance:requirement2.webpageDriver@791f145a]" started-at="2021-02-26T14:10:47Z" name="writeExcel" finished-at="2021-02-26T14:10:55Z" duration-ms="7957" status="PASS">
          <reporter-output>
          </reporter-output>
        </test-method> <!-- writeExcel -->
        <test-method signature="closeDriver()[pri:8, instance:requirement2.webpageDriver@791f145a]" started-at="2021-02-26T14:10:55Z" name="closeDriver" finished-at="2021-02-26T14:10:55Z" duration-ms="466" status="PASS">
          <reporter-output>
          </reporter-output>
        </test-method> <!-- closeDriver -->
      </class> <!-- requirement2.webpageDriver -->
    </test> <!-- HomeLoanEmi -->
    <test started-at="2021-02-26T14:10:55Z" name="EMICalculatorPageValidation" finished-at="2021-02-26T14:12:10Z" duration-ms="74373">
      <class name="requirement3.EMICalculator">
        <test-method signature="loadDriver()[pri:1, instance:requirement3.EMICalculator@1e6a3214]" started-at="2021-02-26T14:10:55Z" name="loadDriver" finished-at="2021-02-26T14:11:08Z" duration-ms="12557" status="PASS">
          <reporter-output>
          </reporter-output>
        </test-method> <!-- loadDriver -->
        <test-method signature="getURL()[pri:2, instance:requirement3.EMICalculator@1e6a3214]" started-at="2021-02-26T14:11:08Z" name="getURL" finished-at="2021-02-26T14:11:16Z" duration-ms="7840" status="PASS">
          <reporter-output>
          </reporter-output>
        </test-method> <!-- getURL -->
        <test-method signature="LoanCalculator()[pri:3, instance:requirement3.EMICalculator@1e6a3214]" started-at="2021-02-26T14:11:16Z" name="LoanCalculator" finished-at="2021-02-26T14:11:54Z" duration-ms="38574" status="PASS">
          <reporter-output>
          </reporter-output>
        </test-method> <!-- LoanCalculator -->
        <test-method signature="ChangeOfScale()[pri:4, instance:requirement3.EMICalculator@1e6a3214]" started-at="2021-02-26T14:11:54Z" name="ChangeOfScale" finished-at="2021-02-26T14:11:54Z" duration-ms="179" status="PASS">
          <reporter-output>
          </reporter-output>
        </test-method> <!-- ChangeOfScale -->
        <test-method signature="takeScreenshot()[pri:5, instance:requirement3.EMICalculator@1e6a3214]" started-at="2021-02-26T14:11:54Z" name="takeScreenshot" finished-at="2021-02-26T14:11:55Z" duration-ms="718" status="PASS">
          <reporter-output>
          </reporter-output>
        </test-method> <!-- takeScreenshot -->
        <test-method signature="LoanAmountCalculator()[pri:6, instance:requirement3.EMICalculator@1e6a3214]" started-at="2021-02-26T14:11:55Z" name="LoanAmountCalculator" finished-at="2021-02-26T14:12:01Z" duration-ms="6083" status="PASS">
          <reporter-output>
          </reporter-output>
        </test-method> <!-- LoanAmountCalculator -->
        <test-method signature="ChangeOfScale2()[pri:7, instance:requirement3.EMICalculator@1e6a3214]" started-at="2021-02-26T14:12:01Z" name="ChangeOfScale2" finished-at="2021-02-26T14:12:02Z" duration-ms="782" status="PASS">
          <reporter-output>
          </reporter-output>
        </test-method> <!-- ChangeOfScale2 -->
        <test-method signature="takeScreenshot1()[pri:7, instance:requirement3.EMICalculator@1e6a3214]" started-at="2021-02-26T14:12:02Z" name="takeScreenshot1" finished-at="2021-02-26T14:12:02Z" duration-ms="460" status="PASS">
          <reporter-output>
          </reporter-output>
        </test-method> <!-- takeScreenshot1 -->
        <test-method signature="LoanTenureCalculator()[pri:8, instance:requirement3.EMICalculator@1e6a3214]" started-at="2021-02-26T14:12:02Z" name="LoanTenureCalculator" finished-at="2021-02-26T14:12:09Z" duration-ms="6109" status="PASS">
          <reporter-output>
          </reporter-output>
        </test-method> <!-- LoanTenureCalculator -->
        <test-method signature="takeScreenshot3()[pri:9, instance:requirement3.EMICalculator@1e6a3214]" started-at="2021-02-26T14:12:09Z" name="takeScreenshot3" finished-at="2021-02-26T14:12:09Z" duration-ms="704" status="PASS">
          <reporter-output>
          </reporter-output>
        </test-method> <!-- takeScreenshot3 -->
        <test-method signature="quitDriver()[pri:10, instance:requirement3.EMICalculator@1e6a3214]" started-at="2021-02-26T14:12:09Z" name="quitDriver" finished-at="2021-02-26T14:12:10Z" duration-ms="354" status="PASS">
          <reporter-output>
          </reporter-output>
        </test-method> <!-- quitDriver -->
      </class> <!-- requirement3.EMICalculator -->
    </test> <!-- EMICalculatorPageValidation -->
  </suite> <!-- Suite -->
</testng-results>
